<?xml version="1.0" encoding="UTF-8"?>
<!-- Generated by org.testng.reporters.JUnitXMLReporter -->
<testsuite ignored="0" hostname="Ojasvii-12382" failures="0" tests="3" name="Default test" time="6.027" errors="0" timestamp="2024-10-01T17:27:39 IST">
  <testcase classname="testcase.herokuapp.BookingId" name="getBookingIdAll" time="3.097"/>
  <testcase classname="testcase.herokuapp.BookingId" name="getBookingIdDetailsByDate" time="1.301"/>
  <testcase classname="testcase.herokuapp.BookingId" name="getBookingIdDetailsByName" time="1.596"/>
</testsuite> <!-- Default test -->
