<?xml version="1.0" encoding="UTF-8"?>
<!-- Generated by org.testng.reporters.JUnitXMLReporter -->
<testsuite ignored="0" hostname="Ojasvii-12382" failures="0" tests="3" name="Default test" time="5.697" errors="0" timestamp="2024-10-17T21:40:12 IST">
  <testcase classname="testcase.swagger.Pet" name="pet" time="2.936"/>
  <testcase classname="testcase.swagger.Pet" name="petUploadWithoutFile" time="1.366"/>
  <testcase classname="testcase.swagger.Pet" name="verifyKeyinResponse" time="1.367"/>
</testsuite> <!-- Default test -->
