<?xml version="1.0" encoding="UTF-8"?>
<!-- Generated by org.testng.reporters.JUnitXMLReporter -->
<testsuite ignored="0" hostname="Ojasvii-12382" failures="0" tests="7" name="Test" time="11.491" errors="0" timestamp="2024-10-03T14:16:18 IST">
  <testcase classname="testcase.herokuapp.CreateToken" name="createToken" time="3.05"/>
  <testcase classname="testcase.herokuapp.CreateBooking" name="createBooking" time="1.378"/>
  <testcase classname="testcase.herokuapp.GetSingleBooking" name="getSingleBoooking" time="1.258"/>
  <testcase classname="testcase.herokuapp.BookingId" name="getBookingIdAll" time="1.503"/>
  <testcase classname="testcase.herokuapp.BookingId" name="getBookingIdDetailsByName" time="1.375"/>
  <testcase classname="testcase.herokuapp.BookingId" name="getBookingIdDetailsByDate" time="1.514"/>
  <testcase classname="testcase.herokuapp.UpdateBooking" name="updateBooking" time="1.377"/>
</testsuite> <!-- Test -->
