<?xml version="1.0" encoding="UTF-8"?>
<!-- Generated by org.testng.reporters.JUnitXMLReporter -->
<testsuite ignored="0" hostname="Ojasvii-12382" failures="0" tests="4" name="Test" time="7.96" errors="0" timestamp="2024-10-02T20:20:22 IST">
  <testcase classname="testcase.herokuapp.CreateToken" name="createToken" time="3.558"/>
  <testcase classname="testcase.herokuapp.BookingId" name="getBookingIdAll" time="1.459"/>
  <testcase classname="testcase.herokuapp.BookingId" name="getBookingIdDetailsByDate" time="1.496"/>
  <testcase classname="testcase.herokuapp.BookingId" name="getBookingIdDetailsByName" time="1.418"/>
</testsuite> <!-- Test -->
